{
  "RSpec": {
    "coverage": {
      "/Users/joeellingworth/Projects/Makers/Weekly_challenges/bookmark_manager/Joe_bookmarks_manager/Bookmark-manager/spec/bookmark_spec.rb": {
        "lines": [
          1,
          null,
          1,
          null,
          1,
          1,
          1,
          1,
          1,
          1,
          1,
          1,
          1,
          null,
          null,
          null,
          1,
          1,
          1,
          1,
          1,
          1,
          null,
          null,
          null
        ]
      },
      "/Users/joeellingworth/Projects/Makers/Weekly_challenges/bookmark_manager/Joe_bookmarks_manager/Bookmark-manager/spec/features/adding_bookmark_spec.rb": {
        "lines": [
          1,
          1,
          1,
          1,
          1,
          1,
          1,
          1,
          null,
          null
        ]
      },
      "/Users/joeellingworth/Projects/Makers/Weekly_challenges/bookmark_manager/Joe_bookmarks_manager/Bookmark-manager/spec/features/feature_spec.rb": {
        "lines": [
          1,
          1,
          1,
          1,
          null,
          null
        ]
      },
      "/Users/joeellingworth/Projects/Makers/Weekly_challenges/bookmark_manager/Joe_bookmarks_manager/Bookmark-manager/spec/features/viewing_bookmarks_spec.rb": {
        "lines": [
          1,
          1,
          1,
          1,
          1,
          1,
          1,
          null,
          null
        ]
      }
    },
    "timestamp": 1581677097
  }
}
